Arguments: 
  D:\Enviroment\nodejs\node.exe D:\软件\NodeJs\node_global\node_modules\yarn\bin\yarn.js install

PATH: 
  D:\Software\vmware16\bin\;C:\Windows\system32;C:\Windows;C:\Windows\System32\Wbem;C:\Windows\System32\WindowsPowerShell\v1.0\;C:\Windows\System32\OpenSSH\;\软件\NodeJs\;D;\软件\Putty\;C;\Program Files\dotnet\;\Program Files\dotnet\;C:\WINDOWS\system32;C:\WINDOWS;C:\WINDOWS\System32\Wbem;C:\WINDOWS\System32\WindowsPowerShell\v1.0\;C:\WINDOWS\System32\OpenSSH\;D:\软件\Git\cmd;D:\Enviroment\python\Scripts\;D:\Enviroment\python\;C:\Users\78613\AppData\Local\Microsoft\WindowsApps;D:\软件\JetBrains\IntelliJ IDEA Community Edition 2020.3.2\bin;;D:\软件\ffmpeg\ffmpeg-n4.3.2-163-g6c414cf8f7-win64-gpl-4.3\bin;D:\软件\Microsoft VS Code\bin;D:\软件\NodeJs\node_global;D:\Enviroment\mingw64\bin;C:\Users\78613\.dotnet\tools;D:\Enviroment\nvm;D:\Enviroment\nodejs;

Yarn version: 
  1.22.17

Node version: 
  16.12.0

Platform: 
  win32 x64

Trace: 
  Error: read ECONNRESET
      at TLSWrap.onStreamRead (node:internal/stream_base_commons:220:20)

npm manifest: 
  {
    "name": "boc-contract-core",
    "version": "1.0.1",
    "description": "BankOfChain protocol core.",
    "main": "index.js",
    "scripts": {
      "test": "echo \"Error: no test specified\" && exit 1"
    },
    "keywords": [],
    "author": "",
    "license": "ISC",
    "devDependencies": {
      "@nomiclabs/hardhat-ethers": "^2.0.5",
      "@nomiclabs/hardhat-etherscan": "^3.0.3",
      "@nomiclabs/hardhat-truffle5": "2.0.0",
      "@nomiclabs/hardhat-waffle": "^2.0.3",
      "@nomiclabs/hardhat-web3": "^2.0.0",
      "@openzeppelin/test-helpers": "^0.5.13",
      "bignumber.js": "^9.0.1",
      "chai": "^4.3.6",
      "dotenv": "^10.0.0",
      "eslint": "^7.32.0",
      "eslint-config-prettier": "^8.5.0",
      "eslint-config-standard": "^16.0.3",
      "eslint-plugin-import": "^2.25.4",
      "eslint-plugin-node": "^11.1.0",
      "eslint-plugin-prettier": "^3.4.1",
      "eslint-plugin-promise": "^5.2.0",
      "ethereum-waffle": "^4.0.0-alpha.0",
      "ethers": "^5.5.4",
      "hardhat": "^2.9.0",
      "hardhat-contract-sizer": "^2.0.3",
      "hardhat-deploy-ethers": "^0.3.0-beta.10",
      "hardhat-gas-reporter": "^1.0.8",
      "hardhat-preprocessor": "^0.1.4",
      "inquirer": "^8.2.0",
      "prettier": "^2.5.1",
      "prettier-plugin-solidity": "^1.0.0-beta.13",
      "solhint": "^3.3.7",
      "solidity-coverage": "^0.7.20"
    },
    "dependencies": {
      "@chainlink/contracts": "^0.2.1",
      "@openzeppelin/contracts": "^4.2.0",
      "@openzeppelin/contracts-upgradeable": "^4.5.2",
      "@openzeppelin/upgrades": "^2.8.0"
    }
  }

yarn manifest: 
  No manifest

Lockfile: 
  No lockfile
